Determining if the include file ndir.h exists failed with the following output:
Change Dir: /Users/Bruno/OpenVSP-python3/OpenVSP/buildlibs/STEPCODE-prefix/src/STEPCODE-build/CMakeFiles/CMakeTmp

Run Build Command:"/usr/local/bin/gmake" "cmTC_db54d/fast"
gmake[3]: Entering directory '/Users/Bruno/OpenVSP-python3/OpenVSP/buildlibs/STEPCODE-prefix/src/STEPCODE-build/CMakeFiles/CMakeTmp'
/usr/local/bin/gmake -f CMakeFiles/cmTC_db54d.dir/build.make CMakeFiles/cmTC_db54d.dir/build
gmake[4]: Entering directory '/Users/Bruno/OpenVSP-python3/OpenVSP/buildlibs/STEPCODE-prefix/src/STEPCODE-build/CMakeFiles/CMakeTmp'
Building C object CMakeFiles/cmTC_db54d.dir/CheckIncludeFile.c.o
/Applications/Xcode.app/Contents/Developer/Toolchains/XcodeDefault.xctoolchain/usr/bin/cc   -fPIC    -o CMakeFiles/cmTC_db54d.dir/CheckIncludeFile.c.o   -c /Users/Bruno/OpenVSP-python3/OpenVSP/buildlibs/STEPCODE-prefix/src/STEPCODE-build/CMakeFiles/CMakeTmp/CheckIncludeFile.c
/Users/Bruno/OpenVSP-python3/OpenVSP/buildlibs/STEPCODE-prefix/src/STEPCODE-build/CMakeFiles/CMakeTmp/CheckIncludeFile.c:1:10: fatal error: 'ndir.h' file not found
#include <ndir.h>
         ^~~~~~~~
1 error generated.
gmake[4]: *** [CMakeFiles/cmTC_db54d.dir/build.make:66: CMakeFiles/cmTC_db54d.dir/CheckIncludeFile.c.o] Error 1
gmake[4]: Leaving directory '/Users/Bruno/OpenVSP-python3/OpenVSP/buildlibs/STEPCODE-prefix/src/STEPCODE-build/CMakeFiles/CMakeTmp'
gmake[3]: *** [Makefile:126: cmTC_db54d/fast] Error 2
gmake[3]: Leaving directory '/Users/Bruno/OpenVSP-python3/OpenVSP/buildlibs/STEPCODE-prefix/src/STEPCODE-build/CMakeFiles/CMakeTmp'


Determining if the include file sysent.h exists failed with the following output:
Change Dir: /Users/Bruno/OpenVSP-python3/OpenVSP/buildlibs/STEPCODE-prefix/src/STEPCODE-build/CMakeFiles/CMakeTmp

Run Build Command:"/usr/local/bin/gmake" "cmTC_46390/fast"
gmake[3]: Entering directory '/Users/Bruno/OpenVSP-python3/OpenVSP/buildlibs/STEPCODE-prefix/src/STEPCODE-build/CMakeFiles/CMakeTmp'
/usr/local/bin/gmake -f CMakeFiles/cmTC_46390.dir/build.make CMakeFiles/cmTC_46390.dir/build
gmake[4]: Entering directory '/Users/Bruno/OpenVSP-python3/OpenVSP/buildlibs/STEPCODE-prefix/src/STEPCODE-build/CMakeFiles/CMakeTmp'
Building C object CMakeFiles/cmTC_46390.dir/CheckIncludeFile.c.o
/Applications/Xcode.app/Contents/Developer/Toolchains/XcodeDefault.xctoolchain/usr/bin/cc   -fPIC    -o CMakeFiles/cmTC_46390.dir/CheckIncludeFile.c.o   -c /Users/Bruno/OpenVSP-python3/OpenVSP/buildlibs/STEPCODE-prefix/src/STEPCODE-build/CMakeFiles/CMakeTmp/CheckIncludeFile.c
/Users/Bruno/OpenVSP-python3/OpenVSP/buildlibs/STEPCODE-prefix/src/STEPCODE-build/CMakeFiles/CMakeTmp/CheckIncludeFile.c:1:10: fatal error: 'sysent.h' file not found
#include <sysent.h>
         ^~~~~~~~~~
1 error generated.
gmake[4]: *** [CMakeFiles/cmTC_46390.dir/build.make:66: CMakeFiles/cmTC_46390.dir/CheckIncludeFile.c.o] Error 1
gmake[4]: Leaving directory '/Users/Bruno/OpenVSP-python3/OpenVSP/buildlibs/STEPCODE-prefix/src/STEPCODE-build/CMakeFiles/CMakeTmp'
gmake[3]: *** [Makefile:126: cmTC_46390/fast] Error 2
gmake[3]: Leaving directory '/Users/Bruno/OpenVSP-python3/OpenVSP/buildlibs/STEPCODE-prefix/src/STEPCODE-build/CMakeFiles/CMakeTmp'


Determining if the include file process.h exists failed with the following output:
Change Dir: /Users/Bruno/OpenVSP-python3/OpenVSP/buildlibs/STEPCODE-prefix/src/STEPCODE-build/CMakeFiles/CMakeTmp

Run Build Command:"/usr/local/bin/gmake" "cmTC_27598/fast"
gmake[3]: Entering directory '/Users/Bruno/OpenVSP-python3/OpenVSP/buildlibs/STEPCODE-prefix/src/STEPCODE-build/CMakeFiles/CMakeTmp'
/usr/local/bin/gmake -f CMakeFiles/cmTC_27598.dir/build.make CMakeFiles/cmTC_27598.dir/build
gmake[4]: Entering directory '/Users/Bruno/OpenVSP-python3/OpenVSP/buildlibs/STEPCODE-prefix/src/STEPCODE-build/CMakeFiles/CMakeTmp'
Building C object CMakeFiles/cmTC_27598.dir/CheckIncludeFile.c.o
/Applications/Xcode.app/Contents/Developer/Toolchains/XcodeDefault.xctoolchain/usr/bin/cc   -fPIC    -o CMakeFiles/cmTC_27598.dir/CheckIncludeFile.c.o   -c /Users/Bruno/OpenVSP-python3/OpenVSP/buildlibs/STEPCODE-prefix/src/STEPCODE-build/CMakeFiles/CMakeTmp/CheckIncludeFile.c
/Users/Bruno/OpenVSP-python3/OpenVSP/buildlibs/STEPCODE-prefix/src/STEPCODE-build/CMakeFiles/CMakeTmp/CheckIncludeFile.c:1:10: fatal error: 'process.h' file not found
#include <process.h>
         ^~~~~~~~~~~
1 error generated.
gmake[4]: *** [CMakeFiles/cmTC_27598.dir/build.make:66: CMakeFiles/cmTC_27598.dir/CheckIncludeFile.c.o] Error 1
gmake[4]: Leaving directory '/Users/Bruno/OpenVSP-python3/OpenVSP/buildlibs/STEPCODE-prefix/src/STEPCODE-build/CMakeFiles/CMakeTmp'
gmake[3]: *** [Makefile:126: cmTC_27598/fast] Error 2
gmake[3]: Leaving directory '/Users/Bruno/OpenVSP-python3/OpenVSP/buildlibs/STEPCODE-prefix/src/STEPCODE-build/CMakeFiles/CMakeTmp'


Determining if the include file io.h exists failed with the following output:
Change Dir: /Users/Bruno/OpenVSP-python3/OpenVSP/buildlibs/STEPCODE-prefix/src/STEPCODE-build/CMakeFiles/CMakeTmp

Run Build Command:"/usr/local/bin/gmake" "cmTC_f1e9a/fast"
gmake[3]: Entering directory '/Users/Bruno/OpenVSP-python3/OpenVSP/buildlibs/STEPCODE-prefix/src/STEPCODE-build/CMakeFiles/CMakeTmp'
/usr/local/bin/gmake -f CMakeFiles/cmTC_f1e9a.dir/build.make CMakeFiles/cmTC_f1e9a.dir/build
gmake[4]: Entering directory '/Users/Bruno/OpenVSP-python3/OpenVSP/buildlibs/STEPCODE-prefix/src/STEPCODE-build/CMakeFiles/CMakeTmp'
Building C object CMakeFiles/cmTC_f1e9a.dir/CheckIncludeFile.c.o
/Applications/Xcode.app/Contents/Developer/Toolchains/XcodeDefault.xctoolchain/usr/bin/cc   -fPIC    -o CMakeFiles/cmTC_f1e9a.dir/CheckIncludeFile.c.o   -c /Users/Bruno/OpenVSP-python3/OpenVSP/buildlibs/STEPCODE-prefix/src/STEPCODE-build/CMakeFiles/CMakeTmp/CheckIncludeFile.c
/Users/Bruno/OpenVSP-python3/OpenVSP/buildlibs/STEPCODE-prefix/src/STEPCODE-build/CMakeFiles/CMakeTmp/CheckIncludeFile.c:1:10: fatal error: 'io.h' file not found
#include <io.h>
         ^~~~~~
1 error generated.
gmake[4]: *** [CMakeFiles/cmTC_f1e9a.dir/build.make:66: CMakeFiles/cmTC_f1e9a.dir/CheckIncludeFile.c.o] Error 1
gmake[4]: Leaving directory '/Users/Bruno/OpenVSP-python3/OpenVSP/buildlibs/STEPCODE-prefix/src/STEPCODE-build/CMakeFiles/CMakeTmp'
gmake[3]: *** [Makefile:126: cmTC_f1e9a/fast] Error 2
gmake[3]: Leaving directory '/Users/Bruno/OpenVSP-python3/OpenVSP/buildlibs/STEPCODE-prefix/src/STEPCODE-build/CMakeFiles/CMakeTmp'


